# JRE version: Java(TM) SE Runtime Environment (8.0_241-b07) (build 1.8.0_241-b07)
# Java VM: Java HotSpot(TM) 64-Bit Server VM (25.241-b07 mixed mode windows-amd64 compressed oops)
Heap:
 PSYoungGen      total 120832K, used 25843K [0x000000076b380000, 0x0000000779200000, 0x00000007c0000000)
  eden space 108032K, 12% used [0x000000076b380000,0x000000076c043240,0x0000000771d00000)
  from space 12800K, 99% used [0x0000000771d00000,0x0000000772979d78,0x0000000772980000)
  to   space 15360K, 0% used [0x0000000778300000,0x0000000778300000,0x0000000779200000)
 ParOldGen       total 95744K, used 13480K [0x00000006c1a00000, 0x00000006c7780000, 0x000000076b380000)
  object space 95744K, 14% used [0x00000006c1a00000,0x00000006c272a3f0,0x00000006c7780000)
 Metaspace       used 24157K, capacity 24542K, committed 24704K, reserved 1071104K
  class space    used 2765K, capacity 2894K, committed 2944K, reserved 1048576K
GC Heap History (10 events):
Event: 2.067 GC heap before
{Heap before GC invocations=4 (full 0):
 PSYoungGen      total 76288K, used 16921K [0x000000076b380000, 0x0000000770880000, 0x00000007c0000000)
  eden space 65536K, 10% used [0x000000076b380000,0x000000076ba43940,0x000000076f380000)
  from space 10752K, 92% used [0x000000076f380000,0x000000076fd42d50,0x000000076fe00000)
  to   space 10752K, 0% used [0x000000076fe00000,0x000000076fe00000,0x0000000770880000)
 ParOldGen       total 175104K, used 40K [0x00000006c1a00000, 0x00000006cc500000, 0x000000076b380000)
  object space 175104K, 0% used [0x00000006c1a00000,0x00000006c1a0a000,0x00000006cc500000)
 Metaspace       used 20666K, capacity 21118K, committed 21296K, reserved 1069056K
  class space    used 2486K, capacity 2606K, committed 2688K, reserved 1048576K
Event: 2.072 GC heap after
Heap after GC invocations=4 (full 0):
 PSYoungGen      total 76288K, used 8800K [0x000000076b380000, 0x0000000770880000, 0x00000007c0000000)
  eden space 65536K, 0% used [0x000000076b380000,0x000000076b380000,0x000000076f380000)
  from space 10752K, 81% used [0x000000076fe00000,0x0000000770698060,0x0000000770880000)
  to   space 10752K, 0% used [0x000000076f380000,0x000000076f380000,0x000000076fe00000)
 ParOldGen       total 175104K, used 48K [0x00000006c1a00000, 0x00000006cc500000, 0x000000076b380000)
  object space 175104K, 0% used [0x00000006c1a00000,0x00000006c1a0c000,0x00000006cc500000)
 Metaspace       used 20666K, capacity 21118K, committed 21296K, reserved 1069056K
  class space    used 2486K, capacity 2606K, committed 2688K, reserved 1048576K
}
Event: 2.072 GC heap before
{Heap before GC invocations=5 (full 1):
 PSYoungGen      total 76288K, used 8800K [0x000000076b380000, 0x0000000770880000, 0x00000007c0000000)
  eden space 65536K, 0% used [0x000000076b380000,0x000000076b380000,0x000000076f380000)
  from space 10752K, 81% used [0x000000076fe00000,0x0000000770698060,0x0000000770880000)
  to   space 10752K, 0% used [0x000000076f380000,0x000000076f380000,0x000000076fe00000)
 ParOldGen       total 175104K, used 48K [0x00000006c1a00000, 0x00000006cc500000, 0x000000076b380000)
  object space 175104K, 0% used [0x00000006c1a00000,0x00000006c1a0c000,0x00000006cc500000)
 Metaspace       used 20666K, capacity 21118K, committed 21296K, reserved 1069056K
  class space    used 2486K, capacity 2606K, committed 2688K, reserved 1048576K
Event: 2.097 GC heap after
Heap after GC invocations=5 (full 1):
 PSYoungGen      total 76288K, used 0K [0x000000076b380000, 0x0000000770880000, 0x00000007c0000000)
  eden space 65536K, 0% used [0x000000076b380000,0x000000076b380000,0x000000076f380000)
  from space 10752K, 0% used [0x000000076fe00000,0x000000076fe00000,0x0000000770880000)
  to   space 10752K, 0% used [0x000000076f380000,0x000000076f380000,0x000000076fe00000)
 ParOldGen       total 95744K, used 8591K [0x00000006c1a00000, 0x00000006c7780000, 0x000000076b380000)
  object space 95744K, 8% used [0x00000006c1a00000,0x00000006c2263eb8,0x00000006c7780000)
 Metaspace       used 20666K, capacity 21118K, committed 21296K, reserved 1069056K
  class space    used 2486K, capacity 2606K, committed 2688K, reserved 1048576K
}
Event: 2.397 GC heap before
{Heap before GC invocations=6 (full 1):
 PSYoungGen      total 76288K, used 65536K [0x000000076b380000, 0x0000000770880000, 0x00000007c0000000)
  eden space 65536K, 100% used [0x000000076b380000,0x000000076f380000,0x000000076f380000)
  from space 10752K, 0% used [0x000000076fe00000,0x000000076fe00000,0x0000000770880000)
  to   space 10752K, 0% used [0x000000076f380000,0x000000076f380000,0x000000076fe00000)
 ParOldGen       total 95744K, used 8591K [0x00000006c1a00000, 0x00000006c7780000, 0x000000076b380000)
  object space 95744K, 8% used [0x00000006c1a00000,0x00000006c2263eb8,0x00000006c7780000)
 Metaspace       used 22324K, capacity 22718K, committed 22960K, reserved 1069056K
  class space    used 2623K, capacity 2734K, committed 2816K, reserved 1048576K
Event: 2.402 GC heap after
Heap after GC invocations=6 (full 1):
 PSYoungGen      total 76288K, used 10741K [0x000000076b380000, 0x0000000773600000, 0x00000007c0000000)
  eden space 65536K, 0% used [0x000000076b380000,0x000000076b380000,0x000000076f380000)
  from space 10752K, 99% used [0x000000076f380000,0x000000076fdfd740,0x000000076fe00000)
  to   space 12800K, 0% used [0x0000000772980000,0x0000000772980000,0x0000000773600000)
 ParOldGen       total 95744K, used 10720K [0x00000006c1a00000, 0x00000006c7780000, 0x000000076b380000)
  object space 95744K, 11% used [0x00000006c1a00000,0x00000006c24781c8,0x00000006c7780000)
 Metaspace       used 22324K, capacity 22718K, committed 22960K, reserved 1069056K
  class space    used 2623K, capacity 2734K, committed 2816K, reserved 1048576K
}
Event: 2.415 GC heap before
{Heap before GC invocations=7 (full 1):
 PSYoungGen      total 76288K, used 76277K [0x000000076b380000, 0x0000000773600000, 0x00000007c0000000)
  eden space 65536K, 100% used [0x000000076b380000,0x000000076f380000,0x000000076f380000)
  from space 10752K, 99% used [0x000000076f380000,0x000000076fdfd740,0x000000076fe00000)
  to   space 12800K, 0% used [0x0000000772980000,0x0000000772980000,0x0000000773600000)
 ParOldGen       total 95744K, used 10720K [0x00000006c1a00000, 0x00000006c7780000, 0x000000076b380000)
  object space 95744K, 11% used [0x00000006c1a00000,0x00000006c24781c8,0x00000006c7780000)
 Metaspace       used 22324K, capacity 22718K, committed 22960K, reserved 1069056K
  class space    used 2623K, capacity 2734K, committed 2816K, reserved 1048576K
Event: 2.418 GC heap after
Heap after GC invocations=7 (full 1):
 PSYoungGen      total 120832K, used 10917K [0x000000076b380000, 0x0000000774380000, 0x00000007c0000000)
  eden space 108032K, 0% used [0x000000076b380000,0x000000076b380000,0x0000000771d00000)
  from space 12800K, 85% used [0x0000000772980000,0x0000000773429750,0x0000000773600000)
  to   space 12800K, 0% used [0x0000000771d00000,0x0000000771d00000,0x0000000772980000)
 ParOldGen       total 95744K, used 10728K [0x00000006c1a00000, 0x00000006c7780000, 0x000000076b380000)
  object space 95744K, 11% used [0x00000006c1a00000,0x00000006c247a1c8,0x00000006c7780000)
 Metaspace       used 22324K, capacity 22718K, committed 22960K, reserved 1069056K
  class space    used 2623K, capacity 2734K, committed 2816K, reserved 1048576K
}
Event: 2.854 GC heap before
{Heap before GC invocations=8 (full 1):
 PSYoungGen      total 120832K, used 118949K [0x000000076b380000, 0x0000000774380000, 0x00000007c0000000)
  eden space 108032K, 100% used [0x000000076b380000,0x0000000771d00000,0x0000000771d00000)
  from space 12800K, 85% used [0x0000000772980000,0x0000000773429750,0x0000000773600000)
  to   space 12800K, 0% used [0x0000000771d00000,0x0000000771d00000,0x0000000772980000)
 ParOldGen       total 95744K, used 10728K [0x00000006c1a00000, 0x00000006c7780000, 0x000000076b380000)
  object space 95744K, 11% used [0x00000006c1a00000,0x00000006c247a1c8,0x00000006c7780000)
 Metaspace       used 23974K, capacity 24382K, committed 24704K, reserved 1071104K
  class space    used 2754K, capacity 2862K, committed 2944K, reserved 1048576K
Event: 2.860 GC heap after
Heap after GC invocations=8 (full 1):
 PSYoungGen      total 120832K, used 12775K [0x000000076b380000, 0x0000000779200000, 0x00000007c0000000)
  eden space 108032K, 0% used [0x000000076b380000,0x000000076b380000,0x0000000771d00000)
  from space 12800K, 99% used [0x0000000771d00000,0x0000000772979d78,0x0000000772980000)
  to   space 15360K, 0% used [0x0000000778300000,0x0000000778300000,0x0000000779200000)
 ParOldGen       total 95744K, used 13480K [0x00000006c1a00000, 0x00000006c7780000, 0x000000076b380000)
  object space 95744K, 14% used [0x00000006c1a00000,0x00000006c272a3f0,0x00000006c7780000)
 Metaspace       used 23974K, capacity 24382K, committed 24704K, reserved 1071104K
  class space    used 2754K, capacity 2862K, committed 2944K, reserved 1048576K
}

